<?xml version="1.0" encoding="UTF-8"?>
<!-- Generated by org.testng.reporters.JUnitReportReporter -->
<testsuite hostname="Ankush" failures="0" tests="1" name="Trello.Trello_Login" time="139.068" errors="0" timestamp="2023-01-23T09:55:41 IST" skipped="0">
  <testcase classname="Trello.Trello_Login" name="Trello_login" time="139.068"/>
  <system-out/>
</testsuite> <!-- Trello.Trello_Login -->
